17436 11:10:02 ERROR Test Error with exception
Exception: System.Exception
Message: Test message

Nested Exception

Exception: System.ArgumentNullException
Message: Value cannot be null.
Parameter name: database


17436 11:10:02 ERROR Test Error message